node:internal/modules/cjs/loader:1517
  const err = new Error(message);
              ^

Error: Cannot find module './lib/encoding'
Require stack:
- /Users/shaikshafi/Documents/software project/vexa-backend/node_modules/engine.io/node_modules/negotiator/index.js
- /Users/shaikshafi/Documents/software project/vexa-backend/node_modules/engine.io/node_modules/accepts/index.js
- /Users/shaikshafi/Documents/software project/vexa-backend/node_modules/engine.io/build/transports/polling.js
- /Users/shaikshafi/Documents/software project/vexa-backend/node_modules/engine.io/build/transports/index.js
- /Users/shaikshafi/Documents/software project/vexa-backend/node_modules/engine.io/build/server.js
- /Users/shaikshafi/Documents/software project/vexa-backend/node_modules/engine.io/build/engine.io.js
- /Users/shaikshafi/Documents/software project/vexa-backend/node_modules/socket.io/dist/index.js
    at node:internal/modules/cjs/loader:1517:15
    at nextResolveSimple (/Users/shaikshafi/Documents/software project/vexa-backend/node_modules/tsx/dist/register-BLUABhh3.cjs:10:1017)
    at /Users/shaikshafi/Documents/software project/vexa-backend/node_modules/tsx/dist/register-BLUABhh3.cjs:9:4613
    at /Users/shaikshafi/Documents/software project/vexa-backend/node_modules/tsx/dist/register-BLUABhh3.cjs:9:3894
    at resolveTsPaths (/Users/shaikshafi/Documents/software project/vexa-backend/node_modules/tsx/dist/register-BLUABhh3.cjs:10:770)
    at /Users/shaikshafi/Documents/software project/vexa-backend/node_modules/tsx/dist/register-BLUABhh3.cjs:10:1171
    at T._resolveFilename (file:///Users/shaikshafi/Documents/software%20project/vexa-backend/node_modules/tsx/dist/register-D5KIhaFJ.mjs:2:15244)
    at wrapResolveFilename (node:internal/modules/cjs/loader:1071:27)
    at defaultResolveImplForCJSLoading (node:internal/modules/cjs/loader:1095:10)
    at defaultResolve (node:internal/modules/cjs/loader:1152:20) {
  code: 'MODULE_NOT_FOUND',
  requireStack: [
    '/Users/shaikshafi/Documents/software project/vexa-backend/node_modules/engine.io/node_modules/negotiator/index.js',
    '/Users/shaikshafi/Documents/software project/vexa-backend/node_modules/engine.io/node_modules/accepts/index.js',
    '/Users/shaikshafi/Documents/software project/vexa-backend/node_modules/engine.io/build/transports/polling.js',
    '/Users/shaikshafi/Documents/software project/vexa-backend/node_modules/engine.io/build/transports/index.js',
    '/Users/shaikshafi/Documents/software project/vexa-backend/node_modules/engine.io/build/server.js',
    '/Users/shaikshafi/Documents/software project/vexa-backend/node_modules/engine.io/build/engine.io.js',
    '/Users/shaikshafi/Documents/software project/vexa-backend/node_modules/socket.io/dist/index.js'
  ]
}

Node.js v24.18.0
